|        |
|        |
|        |
|   BN   |
|   NB   |
|        |
|        |
|        |

MOSSA ERRATA
MOSSA ERRATA
MOSSA ERRATA
MOSSA ERRATA
MOSSA ERRATA
MOSSA ERRATA
MOSSA ERRATA
MOSSA ERRATA
MOSSA ERRATA
MOSSA ERRATA
MOSSA ERRATA
MOSSA ERRATA
MOSSA ERRATA
MOSSA ERRATA
MOSSA ERRATA
MOSSA ERRATA
MOSSA ERRATA
MOSSA ERRATA
MOSSA ERRATA
MOSSA ERRATA
MOSSA ERRATA
MOSSA ERRATA
MOSSA ERRATA
MOSSA ERRATA
MOSSA ERRATA
MOSSA ERRATA
MOSSA ERRATA
MOSSA ERRATA
MOSSA ERRATA
MOSSA ERRATA
MOSSA ERRATA
MOSSA ERRATA
MOSSA ERRATA
MOSSA ERRATA
MOSSA ERRATA
MOSSA ERRATA
MOSSA ERRATA
MOSSA ERRATA
MOSSA ERRATA
MOSSA ERRATA
MOSSA ERRATA
MOSSA ERRATA
MOSSA ERRATA
MOSSA ERRATA
MOSSA ERRATA
MOSSA ERRATA
MOSSA ERRATA
MOSSA ERRATA
MOSSA ERRATA
MOSSA ERRATA
MOSSA ERRATA
MOSSA ERRATA
MOSSA ERRATA
MOSSA ERRATA
MOSSA ERRATA
MOSSA ERRATA
MOSSA ERRATA
MOSSA ERRATA
MOSSA ERRATA
MOSSA ERRATA
PATTA

