|        |
|        |
|        |
|   BN   |
|   NB   |
|        |
|        |
|        |

|        |
|        |
|   N    |
|   NN   |
|   NB   |
|        |
|        |
|        |

|        |
|        |
|   NB   |
|   NB   |
|   NB   |
|        |
|        |
|        |

|        |
|        |
|   NB   |
|   NN   |
|   NNN  |
|        |
|        |
|        |

|        |
|        |
|   NB   |
|   BN   |
|  BNNN  |
|        |
|        |
|        |

|        |
|        |
|   NB   |
|   BN   |
| NNNNN  |
|        |
|        |
|        |

|        |
|        |
|   NB   |
|   BN   |
| NNNBN  |
|     B  |
|        |
|        |

|        |
|        |
|   NB   |
|   BN   |
| NNNNN  |
|    NB  |
|        |
|        |

|        |
|        |
|   NB   |
|   BN   |
| NNBNN  |
|   BBB  |
|        |
|        |

|        |
|        |
|   NB   |
|   NN   |
| NNNNN  |
|   NNB  |
|   N    |
|        |

|        |
|        |
|   NB   |
|   NN   |
| NNNNN  |
|  BBBB  |
|   N    |
|        |

|        |
|        |
|   NB   |
|   NN   |
| NNNNN  |
|  BNNB  |
|   NN   |
|        |

|        |
|        |
|   NB   |
|   NB   |
| NNNBN  |
|  BNBB  |
|   BB   |
|    B   |

|        |
|        |
|   NB   |
|   NNN  |
| NNNNN  |
|  BNBB  |
|   BB   |
|    B   |

|        |
|        |
|   NB   |
|B  NNN  |
| BNNNN  |
|  BNBB  |
|   BB   |
|    B   |

|        |
|        |
|   NNN  |
|B  NNN  |
| BNNNN  |
|  BNBB  |
|   BB   |
|    B   |

|        |
|        |
|   NNN  |
|B BNNN  |
| BBBNN  |
|  BNBB  |
|   BB   |
|    B   |

|        |
|        |
|   NNN  |
|B NNNN  |
| NBBNN  |
|N BNBB  |
|   BB   |
|    B   |

|        |
|        |
|   NNN  |
|B NNNN  |
|BBBBNN  |
|N BNBB  |
|   BB   |
|    B   |

|        |
|        |
|N  NNN  |
|N NNNN  |
|NBBBNN  |
|N BNBB  |
|   BB   |
|    B   |

|        |
|        |
|NB NNN  |
|N BNNN  |
|NBBBNN  |
|N BNBB  |
|   BB   |
|    B   |

|        |
|        |
|NB NNN  |
|NNNNNN  |
|NBNBNN  |
|N BNBB  |
|   BB   |
|    B   |

|        |
|        |
|NBBNNN  |
|NNBBNN  |
|NBBBBN  |
|N BNBB  |
|   BB   |
|    B   |

|        |
|        |
|NBBNNN  |
|NNBNNN  |
|NNNBBN  |
|NNNNBB  |
|   BB   |
|    B   |

|        |
|        |
|NBBNNN  |
|NNBNNN  |
|NNNBBBB |
|NNNNBB  |
|   BB   |
|    B   |

|        |
|        |
|NBBNNN  |
|NNBNNN  |
|NNNNNNNN|
|NNNNBB  |
|   BB   |
|    B   |

|        |
|        |
|NBBNNN  |
|NNBBBBB |
|NNNNNBNN|
|NNNNBB  |
|   BB   |
|    B   |

|        |
|        |
|NBBNNN  |
|NNNNNNNN|
|NNNNNBNN|
|NNNNBB  |
|   BB   |
|    B   |

|        |
|    B   |
|NBBNBN  |
|NNNNBNNN|
|NNNNBBNN|
|NNNNBB  |
|   BB   |
|    B   |

|        |
|N   B   |
|NNBNBN  |
|NNNNBNNN|
|NNNNBBNN|
|NNNNBB  |
|   BB   |
|    B   |

MOSSA ERRATA
|        |
|N   B   |
|NNBNBBB |
|NNNNBBNN|
|NNNNBBNN|
|NNNNBB  |
|   BB   |
|    B   |

|        |
|N   B   |
|NNBNNNNN|
|NNNNBBNN|
|NNNNBBNN|
|NNNNBB  |
|   BB   |
|    B   |

STA VINCENDO IL NERO

